<?xml version="1.0" encoding="UTF-8"?>
<testng-results ignored="0" total="1" passed="1" failed="0" skipped="0">
  <reporter-output>
  </reporter-output>
  <suite started-at="2022-04-29T03:47:33Z" name="Default suite" finished-at="2022-04-29T03:47:33Z" duration-ms="54">
    <groups>
      <group name="SmokeTest">
        <method signature="ThirdClassTest.Bye()[pri:0, instance:sample.ThirdClassTest@9573584]" name="Bye" class="sample.ThirdClassTest"/>
      </group> <!-- SmokeTest -->
    </groups>
    <test started-at="2022-04-29T03:47:33Z" name="Default test" finished-at="2022-04-29T03:47:33Z" duration-ms="54">
      <class name="sample.ThirdClassTest">
        <test-method signature="Bye()[pri:0, instance:sample.ThirdClassTest@9573584]" started-at="2022-04-29T03:47:33Z" name="Bye" finished-at="2022-04-29T03:47:33Z" duration-ms="17" status="PASS">
          <reporter-output>
          </reporter-output>
        </test-method> <!-- Bye -->
      </class> <!-- sample.ThirdClassTest -->
    </test> <!-- Default test -->
  </suite> <!-- Default suite -->
</testng-results>
